<?xml version="1.0" encoding="UTF-8"?>
<!-- Generated by org.testng.reporters.JUnitReportReporter -->
<testsuite hostname="LAPTOP-M9QDFQ1Q" failures="0" tests="3" name="TestNG.Test1" time="0.009" errors="0" timestamp="2023-01-04T16:18:51 IST" skipped="0">
  <testcase classname="TestNG.Test1" name="gdemo" time="0.002"/>
  <system-out/>
  <testcase classname="TestNG.Test1" name="hdemo3" time="0.005"/>
  <system-out/>
  <testcase classname="TestNG.Test1" name="edemo" time="0.002"/>
  <system-out/>
</testsuite> <!-- TestNG.Test1 -->
