<?xml version="1.0" encoding="UTF-8"?>
<!-- Generated by org.testng.reporters.JUnitReportReporter -->
<testsuite hostname="LAPTOP-M9QDFQ1Q" failures="0" tests="1" name="TestNG.ClassC" time="3.656" errors="0" timestamp="2023-01-10T22:40:07 IST" skipped="0">
  <testcase classname="TestNG.ClassC" name="demo1" time="3.656"/>
  <system-out/>
</testsuite> <!-- TestNG.ClassC -->
