<?xml version="1.0" encoding="UTF-8"?>
<!-- Generated by org.testng.reporters.JUnitReportReporter -->
<testsuite hostname="LAPTOP-M9QDFQ1Q" failures="0" tests="3" name="TestNGPractice.DependsOnMethod" time="0.020" errors="0" timestamp="2023-01-10T20:49:40 IST" skipped="0">
  <testcase classname="TestNGPractice.DependsOnMethod" name="demo2" time="0.003"/>
  <system-out/>
  <testcase classname="TestNGPractice.DependsOnMethod" name="demo3" time="0.002"/>
  <system-out/>
  <testcase classname="TestNGPractice.DependsOnMethod" name="demo1" time="0.015"/>
  <system-out/>
</testsuite> <!-- TestNGPractice.DependsOnMethod -->
