<?xml version="1.0" encoding="UTF-8"?>
<!-- Generated by org.testng.reporters.JUnitReportReporter -->
<testsuite hostname="LAPTOP-M9QDFQ1Q" failures="0" tests="5" name="TestNG.InvocationCount" time="0.029" errors="0" timestamp="2023-01-04T16:18:51 IST" skipped="0">
  <testcase classname="TestNG.InvocationCount" name="demoTest" time="0.003"/>
  <system-out/>
  <testcase classname="TestNG.InvocationCount" name="demoTest" time="0.002"/>
  <system-out/>
  <testcase classname="TestNG.InvocationCount" name="demoTest" time="0.002"/>
  <system-out/>
  <testcase classname="TestNG.InvocationCount" name="demoTest" time="0.019"/>
  <system-out/>
  <testcase classname="TestNG.InvocationCount" name="demoTest" time="0.003"/>
  <system-out/>
</testsuite> <!-- TestNG.InvocationCount -->
