<?xml version="1.0" encoding="UTF-8"?>
<!-- Generated by org.testng.reporters.JUnitReportReporter -->
<testsuite hostname="LAPTOP-M9QDFQ1Q" failures="0" tests="4" name="TestNG.ClassA" time="0.021" errors="0" timestamp="2023-01-10T22:06:28 IST" skipped="0">
  <testcase classname="TestNG.ClassA" name="addToCart" time="0.015"/>
  <system-out/>
  <testcase classname="TestNG.ClassA" name="search" time="0.001"/>
  <system-out/>
  <testcase classname="TestNG.ClassA" name="select" time="0.003"/>
  <system-out/>
  <testcase classname="TestNG.ClassA" name="payment" time="0.002"/>
  <system-out/>
</testsuite> <!-- TestNG.ClassA -->
