<?xml version="1.0" encoding="UTF-8"?>
<!-- Generated by org.testng.reporters.JUnitReportReporter -->
<testsuite hostname="LAPTOP-M9QDFQ1Q" failures="0" tests="2" name="TestNGPractice.ClassA" time="0.022" errors="0" timestamp="2023-01-10T22:05:33 IST" skipped="0">
  <testcase classname="TestNGPractice.ClassA" name="login" time="0.017"/>
  <system-out/>
  <testcase classname="TestNGPractice.ClassA" name="payment" time="0.005"/>
  <system-out/>
</testsuite> <!-- TestNGPractice.ClassA -->
