<?xml version="1.0" encoding="UTF-8"?>
<!-- Generated by org.testng.reporters.JUnitReportReporter -->
<testsuite hostname="LAPTOP-M9QDFQ1Q" failures="0" tests="1" name="TestNGPractice.HardAssest" time="0.018" errors="0" timestamp="2023-01-10T20:59:52 IST" skipped="0">
  <testcase classname="TestNGPractice.HardAssest" name="demo" time="0.018"/>
  <system-out/>
</testsuite> <!-- TestNGPractice.HardAssest -->
