<?xml version="1.0" encoding="UTF-8"?>
<!-- Generated by org.testng.reporters.JUnitReportReporter -->
<testsuite hostname="LAPTOP-M9QDFQ1Q" failures="0" tests="1" name="TestNG.HardAssert" time="0.019" errors="0" timestamp="2023-01-05T16:29:09 IST" skipped="0">
  <testcase classname="TestNG.HardAssert" name="demo" time="0.019"/>
  <system-out/>
</testsuite> <!-- TestNG.HardAssert -->
