<?xml version="1.0" encoding="UTF-8"?>
<!-- Generated by org.testng.reporters.JUnitReportReporter -->
<testsuite hostname="LAPTOP-M9QDFQ1Q" failures="0" tests="1" name="TestNGPractice.SoftAssert" time="0.023" errors="0" timestamp="2023-01-10T21:16:45 IST" skipped="0">
  <testcase classname="TestNGPractice.SoftAssert" name="demo" time="0.023"/>
  <system-out/>
</testsuite> <!-- TestNGPractice.SoftAssert -->
