<?xml version="1.0" encoding="UTF-8"?>
<!-- Generated by org.testng.reporters.JUnitReportReporter -->
<testsuite hostname="LAPTOP-M9QDFQ1Q" failures="0" tests="3" name="TestNGPractice.Priority" time="0.024" errors="0" timestamp="2023-01-10T20:42:28 IST" skipped="0">
  <testcase classname="TestNGPractice.Priority" name="fdemo" time="0.019"/>
  <system-out/>
  <testcase classname="TestNGPractice.Priority" name="vdemo" time="0.003"/>
  <system-out/>
  <testcase classname="TestNGPractice.Priority" name="ademo" time="0.002"/>
  <system-out/>
</testsuite> <!-- TestNGPractice.Priority -->
