<?xml version="1.0" encoding="UTF-8"?>
<!-- Generated by org.testng.reporters.JUnitReportReporter -->
<testsuite hostname="LAPTOP-M9QDFQ1Q" failures="0" tests="4" name="TestNG.Priority" time="0.011" errors="0" timestamp="2023-01-04T16:18:51 IST" skipped="0">
  <testcase classname="TestNG.Priority" name="bdemo" time="0.005"/>
  <system-out/>
  <testcase classname="TestNG.Priority" name="Ademo" time="0.002"/>
  <system-out/>
  <testcase classname="TestNG.Priority" name="ademo" time="0.003"/>
  <system-out/>
  <testcase classname="TestNG.Priority" name="Bdemo" time="0.001"/>
  <system-out/>
</testsuite> <!-- TestNG.Priority -->
