<?xml version="1.0" encoding="UTF-8"?>
<!-- Generated by org.testng.reporters.JUnitReportReporter -->
<testsuite hostname="LAPTOP-M9QDFQ1Q" failures="0" tests="3" name="TestNGPractice.Test1" time="0.024" errors="0" timestamp="2023-01-10T20:37:59 IST" skipped="0">
  <testcase classname="TestNGPractice.Test1" name="ademo2" time="0.021"/>
  <system-out/>
  <testcase classname="TestNGPractice.Test1" name="cdemo1" time="0.002"/>
  <system-out/>
  <testcase classname="TestNGPractice.Test1" name="gdemo3" time="0.001"/>
  <system-out/>
</testsuite> <!-- TestNGPractice.Test1 -->
