<?xml version="1.0" encoding="UTF-8"?>
<!-- Generated by org.testng.reporters.JUnitReportReporter -->
<testsuite hostname="LAPTOP-M9QDFQ1Q" failures="0" tests="3" name="TestNGPractice.InvocationCount" time="0.020" errors="0" timestamp="2023-01-10T20:44:26 IST" skipped="0">
  <testcase classname="TestNGPractice.InvocationCount" name="demo" time="0.002"/>
  <system-out/>
  <testcase classname="TestNGPractice.InvocationCount" name="demo" time="0.017"/>
  <system-out/>
  <testcase classname="TestNGPractice.InvocationCount" name="demo" time="0.001"/>
  <system-out/>
</testsuite> <!-- TestNGPractice.InvocationCount -->
