<?xml version="1.0" encoding="UTF-8"?>
<!-- Generated by org.testng.reporters.JUnitReportReporter -->
<testsuite hostname="LAPTOP-M9QDFQ1Q" failures="0" tests="3" name="TestNG.DataProvider" time="0.007" errors="0" timestamp="2023-01-04T16:18:51 IST" skipped="0">
  <testcase classname="TestNG.DataProvider" name="test" time="0.004"/>
  <system-out/>
  <testcase classname="TestNG.DataProvider" name="test" time="0.002"/>
  <system-out/>
  <testcase classname="TestNG.DataProvider" name="test" time="0.001"/>
  <system-out/>
</testsuite> <!-- TestNG.DataProvider -->
